app/build/outputs/logs/manifest-merger-debug-report.txt
-- Merging decision tree log ---
manifest
ADDED from src\main\AndroidManifest.xml:2:1-124:12
INJECTED from src\main\AndroidManifest.xml:2:1-124:12
INJECTED from src\main\AndroidManifest.xml:2:1-124:12
INJECTED from src\main\AndroidManifest.xml:2:1-124:12
MERGED from [com.android.support:appcompat-v7:26.1.0] AndroidManifest.xml:17:1-31:12
MERGED from [com.android.support.constraint:constraint-layout:1.0.2] AndroidManifest.xml:2:1-11:12
MERGED from [com.android.support:animated-vector-drawable:26.1.0] AndroidManifest.xml:17:1-28:12
MERGED from [com.android.support:support-vector-drawable:26.1.0] AndroidManifest.xml:17:1-28:12
MERGED from [com.android.support:support-v4:26.1.0] AndroidManifest.xml:17:1-31:12
MERGED from [com.android.support:support-media-compat:26.1.0] AndroidManifest.xml:17:1-31:12
MERGED from [com.android.support:support-fragment:26.1.0] AndroidManifest.xml:17:1-31:12
MERGED from [com.android.support:support-core-utils:26.1.0] AndroidManifest.xml:17:1-31:12
MERGED from [com.android.support:support-core-ui:26.1.0] AndroidManifest.xml:17:1-31:12
MERGED from [com.android.support:support-compat:26.1.0] AndroidManifest.xml:17:1-31:12
MERGED from [android.arch.lifecycle:runtime:1.0.0] AndroidManifest.xml:17:1-30:12
INJECTED from src\main\AndroidManifest.xml:2:1-124:12
INJECTED from src\main\AndroidManifest.xml:2:1-124:12
INJECTED from src\main\AndroidManifest.xml:2:1-124:12
	package
		ADDED from src\main\AndroidManifest.xml:3:5-41
		INJECTED from src\main\AndroidManifest.xml
		INJECTED from src\main\AndroidManifest.xml
	android:versionName
		INJECTED from src\main\AndroidManifest.xml
		ADDED from src\main\AndroidManifest.xml:2:1-124:12
		INJECTED from src\main\AndroidManifest.xml
	android:versionCode
		INJECTED from src\main\AndroidManifest.xml
		ADDED from src\main\AndroidManifest.xml:2:1-124:12
		INJECTED from src\main\AndroidManifest.xml
	xmlns:android
		ADDED from src\main\AndroidManifest.xml:2:11-69
application
ADDED from src\main\AndroidManifest.xml:5:5-122:19
MERGED from [com.android.support:appcompat-v7:26.1.0] AndroidManifest.xml:25:5-29:19
MERGED from [com.android.support:appcompat-v7:26.1.0] AndroidManifest.xml:25:5-29:19
MERGED from [com.android.support.constraint:constraint-layout:1.0.2] AndroidManifest.xml:9:5-20
MERGED from [com.android.support.constraint:constraint-layout:1.0.2] AndroidManifest.xml:9:5-20
MERGED from [com.android.support:animated-vector-drawable:26.1.0] AndroidManifest.xml:22:5-26:19
MERGED from [com.android.support:animated-vector-drawable:26.1.0] AndroidManifest.xml:22:5-26:19
MERGED from [com.android.support:support-vector-drawable:26.1.0] AndroidManifest.xml:22:5-26:19
MERGED from [com.android.support:support-vector-drawable:26.1.0] AndroidManifest.xml:22:5-26:19
MERGED from [com.android.support:support-v4:26.1.0] AndroidManifest.xml:25:5-29:19
MERGED from [com.android.support:support-v4:26.1.0] AndroidManifest.xml:25:5-29:19
MERGED from [com.android.support:support-media-compat:26.1.0] AndroidManifest.xml:25:5-29:19
MERGED from [com.android.support:support-media-compat:26.1.0] AndroidManifest.xml:25:5-29:19
MERGED from [com.android.support:support-fragment:26.1.0] AndroidManifest.xml:25:5-29:19
MERGED from [com.android.support:support-fragment:26.1.0] AndroidManifest.xml:25:5-29:19
MERGED from [com.android.support:support-core-utils:26.1.0] AndroidManifest.xml:25:5-29:19
MERGED from [com.android.support:support-core-utils:26.1.0] AndroidManifest.xml:25:5-29:19
MERGED from [com.android.support:support-core-ui:26.1.0] AndroidManifest.xml:25:5-29:19
MERGED from [com.android.support:support-core-ui:26.1.0] AndroidManifest.xml:25:5-29:19
MERGED from [com.android.support:support-compat:26.1.0] AndroidManifest.xml:25:5-29:19
MERGED from [com.android.support:support-compat:26.1.0] AndroidManifest.xml:25:5-29:19
MERGED from [android.arch.lifecycle:runtime:1.0.0] AndroidManifest.xml:24:5-28:19
MERGED from [android.arch.lifecycle:runtime:1.0.0] AndroidManifest.xml:24:5-28:19
	android:supportsRtl
		ADDED from src\main\AndroidManifest.xml:8:9-35
	android:label
		ADDED from src\main\AndroidManifest.xml:10:9-36
	android:icon
		ADDED from src\main\AndroidManifest.xml:7:9-38
	android:allowBackup
		ADDED from src\main\AndroidManifest.xml:6:9-35
	android:theme
		ADDED from src\main\AndroidManifest.xml:9:9-40
activity#com.example.android.bakery.SplashScreen
ADDED from src\main\AndroidManifest.xml:11:9-19:20
	android:screenOrientation
		ADDED from src\main\AndroidManifest.xml:13:13-49
	android:noHistory
		ADDED from src\main\AndroidManifest.xml:12:13-37
	android:name
		ADDED from src\main\AndroidManifest.xml:11:19-47
intent-filter#android.intent.action.MAIN+android.intent.category.LAUNCHER
ADDED from src\main\AndroidManifest.xml:14:13-18:29
action#android.intent.action.MAIN
ADDED from src\main\AndroidManifest.xml:15:17-69
	android:name
		ADDED from src\main\AndroidManifest.xml:15:25-66
category#android.intent.category.LAUNCHER
ADDED from src\main\AndroidManifest.xml:17:17-77
	android:name
		ADDED from src\main\AndroidManifest.xml:17:27-74
activity#com.example.android.bakery.MainActivity
ADDED from src\main\AndroidManifest.xml:20:9-22:47
	android:label
		ADDED from src\main\AndroidManifest.xml:22:13-45
	android:name
		ADDED from src\main\AndroidManifest.xml:21:13-41
activity#com.example.android.bakery.Main2Activity
ADDED from src\main\AndroidManifest.xml:23:9-25:47
	android:label
		ADDED from src\main\AndroidManifest.xml:25:13-44
	android:name
		ADDED from src\main\AndroidManifest.xml:24:13-42
activity#com.example.android.bakery.Main3Activity
ADDED from src\main\AndroidManifest.xml:26:9-28:42
	android:label
		ADDED from src\main\AndroidManifest.xml:28:13-39
	android:name
		ADDED from src\main\AndroidManifest.xml:27:13-42
activity#com.example.android.bakery.Main5Activity
ADDED from src\main\AndroidManifest.xml:29:9-31:47
	android:label
		ADDED from src\main\AndroidManifest.xml:31:13-44
	android:name
		ADDED from src\main\AndroidManifest.xml:30:13-42
activity#com.example.android.bakery.Main6Activity
ADDED from src\main\AndroidManifest.xml:32:9-34:43
	android:label
		ADDED from src\main\AndroidManifest.xml:34:13-40
	android:name
		ADDED from src\main\AndroidManifest.xml:33:13-42
activity#com.example.android.bakery.Main4Activity
ADDED from src\main\AndroidManifest.xml:35:9-37:36
	android:label
		ADDED from src\main\AndroidManifest.xml:37:13-33
	android:name
		ADDED from src\main\AndroidManifest.xml:36:13-42
activity#com.example.android.bakery.Main7Activity
ADDED from src\main\AndroidManifest.xml:38:9-40:40
	android:label
		ADDED from src\main\AndroidManifest.xml:40:13-37
	android:name
		ADDED from src\main\AndroidManifest.xml:39:13-42
activity#com.example.android.bakery.Main8Activity
ADDED from src\main\AndroidManifest.xml:41:9-43:46
	android:label
		ADDED from src\main\AndroidManifest.xml:43:13-43
	android:name
		ADDED from src\main\AndroidManifest.xml:42:13-42
activity#com.example.android.bakery.Main9Activity
ADDED from src\main\AndroidManifest.xml:44:9-46:43
	android:label
		ADDED from src\main\AndroidManifest.xml:46:13-40
	android:name
		ADDED from src\main\AndroidManifest.xml:45:13-42
activity#com.example.android.bakery.Main10Activity
ADDED from src\main\AndroidManifest.xml:47:9-49:41
	android:label
		ADDED from src\main\AndroidManifest.xml:49:13-38
	android:name
		ADDED from src\main\AndroidManifest.xml:48:13-43
activity#com.example.android.bakery.Main11Activity
ADDED from src\main\AndroidManifest.xml:50:9-52:40
	android:label
		ADDED from src\main\AndroidManifest.xml:52:13-37
	android:name
		ADDED from src\main\AndroidManifest.xml:51:13-43
activity#com.example.android.bakery.Main12Activity
ADDED from src\main\AndroidManifest.xml:53:9-55:40
	android:label
		ADDED from src\main\AndroidManifest.xml:55:13-37
	android:name
		ADDED from src\main\AndroidManifest.xml:54:13-43
activity#com.example.android.bakery.Main13Activity
ADDED from src\main\AndroidManifest.xml:56:9-58:44
	android:label
		ADDED from src\main\AndroidManifest.xml:58:13-41
	android:name
		ADDED from src\main\AndroidManifest.xml:57:13-43
activity#com.example.android.bakery.Main14Activity
ADDED from src\main\AndroidManifest.xml:59:9-61:41
	android:label
		ADDED from src\main\AndroidManifest.xml:61:13-38
	android:name
		ADDED from src\main\AndroidManifest.xml:60:13-43
activity#com.example.android.bakery.Main15Activity
ADDED from src\main\AndroidManifest.xml:62:9-64:38
	android:label
		ADDED from src\main\AndroidManifest.xml:64:13-35
	android:name
		ADDED from src\main\AndroidManifest.xml:63:13-43
activity#com.example.android.bakery.Main16Activity
ADDED from src\main\AndroidManifest.xml:65:9-67:43
	android:label
		ADDED from src\main\AndroidManifest.xml:67:13-40
	android:name
		ADDED from src\main\AndroidManifest.xml:66:13-43
activity#com.example.android.bakery.Main17Activity
ADDED from src\main\AndroidManifest.xml:68:9-70:42
	android:label
		ADDED from src\main\AndroidManifest.xml:70:13-39
	android:name
		ADDED from src\main\AndroidManifest.xml:69:13-43
activity#com.example.android.bakery.Main18Activity
ADDED from src\main\AndroidManifest.xml:71:9-73:37
	android:label
		ADDED from src\main\AndroidManifest.xml:73:13-34
	android:name
		ADDED from src\main\AndroidManifest.xml:72:13-43
activity#com.example.android.bakery.Main19Activity
ADDED from src\main\AndroidManifest.xml:74:9-76:42
	android:label
		ADDED from src\main\AndroidManifest.xml:76:13-39
	android:name
		ADDED from src\main\AndroidManifest.xml:75:13-43
activity#com.example.android.bakery.Main20Activity
ADDED from src\main\AndroidManifest.xml:77:9-79:42
	android:label
		ADDED from src\main\AndroidManifest.xml:79:13-39
	android:name
		ADDED from src\main\AndroidManifest.xml:78:13-43
activity#com.example.android.bakery.Main21Activity
ADDED from src\main\AndroidManifest.xml:80:9-82:44
	android:label
		ADDED from src\main\AndroidManifest.xml:82:13-41
	android:name
		ADDED from src\main\AndroidManifest.xml:81:13-43
activity#com.example.android.bakery.Main22Activity
ADDED from src\main\AndroidManifest.xml:83:9-85:42
	android:label
		ADDED from src\main\AndroidManifest.xml:85:13-39
	android:name
		ADDED from src\main\AndroidManifest.xml:84:13-43
activity#com.example.android.bakery.Main23Activity
ADDED from src\main\AndroidManifest.xml:86:9-88:42
	android:label
		ADDED from src\main\AndroidManifest.xml:88:13-39
	android:name
		ADDED from src\main\AndroidManifest.xml:87:13-43
activity#com.example.android.bakery.Main24Activity
ADDED from src\main\AndroidManifest.xml:89:9-91:38
	android:label
		ADDED from src\main\AndroidManifest.xml:91:13-35
	android:name
		ADDED from src\main\AndroidManifest.xml:90:13-43
activity#com.example.android.bakery.Main25Activity
ADDED from src\main\AndroidManifest.xml:92:9-94:42
	android:label
		ADDED from src\main\AndroidManifest.xml:94:13-39
	android:name
		ADDED from src\main\AndroidManifest.xml:93:13-43
activity#com.example.android.bakery.Main26Activity
ADDED from src\main\AndroidManifest.xml:95:9-97:37
	android:label
		ADDED from src\main\AndroidManifest.xml:97:13-34
	android:name
		ADDED from src\main\AndroidManifest.xml:96:13-43
activity#com.example.android.bakery.Main27Activity
ADDED from src\main\AndroidManifest.xml:98:9-100:42
	android:label
		ADDED from src\main\AndroidManifest.xml:100:13-39
	android:name
		ADDED from src\main\AndroidManifest.xml:99:13-43
activity#com.example.android.bakery.Main28Activity
ADDED from src\main\AndroidManifest.xml:101:9-103:40
	android:label
		ADDED from src\main\AndroidManifest.xml:103:13-37
	android:name
		ADDED from src\main\AndroidManifest.xml:102:13-43
activity#com.example.android.bakery.Main29Activity
ADDED from src\main\AndroidManifest.xml:104:9-106:38
	android:label
		ADDED from src\main\AndroidManifest.xml:106:13-35
	android:name
		ADDED from src\main\AndroidManifest.xml:105:13-43
activity#com.example.android.bakery.Main30Activity
ADDED from src\main\AndroidManifest.xml:107:9-109:41
	android:label
		ADDED from src\main\AndroidManifest.xml:109:13-38
	android:name
		ADDED from src\main\AndroidManifest.xml:108:13-43
activity#com.example.android.bakery.Main31Activity
ADDED from src\main\AndroidManifest.xml:110:9-112:37
	android:label
		ADDED from src\main\AndroidManifest.xml:112:13-34
	android:name
		ADDED from src\main\AndroidManifest.xml:111:13-43
activity#com.example.android.bakery.Main32Activity
ADDED from src\main\AndroidManifest.xml:113:9-115:44
	android:label
		ADDED from src\main\AndroidManifest.xml:115:13-41
	android:name
		ADDED from src\main\AndroidManifest.xml:114:13-43
activity#com.example.android.bakery.Main33Activity
ADDED from src\main\AndroidManifest.xml:116:9-118:38
	android:label
		ADDED from src\main\AndroidManifest.xml:118:13-35
	android:name
		ADDED from src\main\AndroidManifest.xml:117:13-43
activity#com.example.android.bakery.Main34Activity
ADDED from src\main\AndroidManifest.xml:119:9-121:40
	android:label
		ADDED from src\main\AndroidManifest.xml:121:13-37
	android:name
		ADDED from src\main\AndroidManifest.xml:120:13-43
uses-sdk
INJECTED from src\main\AndroidManifest.xml reason: use-sdk injection requested
INJECTED from src\main\AndroidManifest.xml
INJECTED from src\main\AndroidManifest.xml
MERGED from [com.android.support:appcompat-v7:26.1.0] AndroidManifest.xml:21:5-23:78
MERGED from [com.android.support:appcompat-v7:26.1.0] AndroidManifest.xml:21:5-23:78
MERGED from [com.android.support.constraint:constraint-layout:1.0.2] AndroidManifest.xml:5:5-7:41
MERGED from [com.android.support.constraint:constraint-layout:1.0.2] AndroidManifest.xml:5:5-7:41
MERGED from [com.android.support:animated-vector-drawable:26.1.0] AndroidManifest.xml:20:5-44
MERGED from [com.android.support:animated-vector-drawable:26.1.0] AndroidManifest.xml:20:5-44
MERGED from [com.android.support:support-vector-drawable:26.1.0] AndroidManifest.xml:20:5-44
MERGED from [com.android.support:support-vector-drawable:26.1.0] AndroidManifest.xml:20:5-44
MERGED from [com.android.support:support-v4:26.1.0] AndroidManifest.xml:21:5-23:54
MERGED from [com.android.support:support-v4:26.1.0] AndroidManifest.xml:21:5-23:54
MERGED from [com.android.support:support-media-compat:26.1.0] AndroidManifest.xml:21:5-23:63
MERGED from [com.android.support:support-media-compat:26.1.0] AndroidManifest.xml:21:5-23:63
MERGED from [com.android.support:support-fragment:26.1.0] AndroidManifest.xml:21:5-23:60
MERGED from [com.android.support:support-fragment:26.1.0] AndroidManifest.xml:21:5-23:60
MERGED from [com.android.support:support-core-utils:26.1.0] AndroidManifest.xml:21:5-23:61
MERGED from [com.android.support:support-core-utils:26.1.0] AndroidManifest.xml:21:5-23:61
MERGED from [com.android.support:support-core-ui:26.1.0] AndroidManifest.xml:21:5-23:58
MERGED from [com.android.support:support-core-ui:26.1.0] AndroidManifest.xml:21:5-23:58
MERGED from [com.android.support:support-compat:26.1.0] AndroidManifest.xml:21:5-23:58
MERGED from [com.android.support:support-compat:26.1.0] AndroidManifest.xml:21:5-23:58
MERGED from [android.arch.lifecycle:runtime:1.0.0] AndroidManifest.xml:20:5-22:41
MERGED from [android.arch.lifecycle:runtime:1.0.0] AndroidManifest.xml:20:5-22:41
INJECTED from src\main\AndroidManifest.xml
INJECTED from src\main\AndroidManifest.xml
	tools:overrideLibrary
		ADDED from [com.android.support:appcompat-v7:26.1.0] AndroidManifest.xml:23:9-75
	android:targetSdkVersion
		INJECTED from src\main\AndroidManifest.xml
		ADDED from src\main\AndroidManifest.xml
		INJECTED from src\main\AndroidManifest.xml
	android:minSdkVersion
		INJECTED from src\main\AndroidManifest.xml
		ADDED from src\main\AndroidManifest.xml
		INJECTED from src\main\AndroidManifest.xml
meta-data#android.support.VERSION
ADDED from [com.android.support:appcompat-v7:26.1.0] AndroidManifest.xml:26:9-28:38
MERGED from [com.android.support:animated-vector-drawable:26.1.0] AndroidManifest.xml:23:9-25:38
MERGED from [com.android.support:animated-vector-drawable:26.1.0] AndroidManifest.xml:23:9-25:38
MERGED from [com.android.support:support-vector-drawable:26.1.0] AndroidManifest.xml:23:9-25:38
MERGED from [com.android.support:support-vector-drawable:26.1.0] AndroidManifest.xml:23:9-25:38
MERGED from [com.android.support:support-v4:26.1.0] AndroidManifest.xml:26:9-28:38
MERGED from [com.android.support:support-v4:26.1.0] AndroidManifest.xml:26:9-28:38
MERGED from [com.android.support:support-media-compat:26.1.0] AndroidManifest.xml:26:9-28:38
MERGED from [com.android.support:support-media-compat:26.1.0] AndroidManifest.xml:26:9-28:38
MERGED from [com.android.support:support-fragment:26.1.0] AndroidManifest.xml:26:9-28:38
MERGED from [com.android.support:support-fragment:26.1.0] AndroidManifest.xml:26:9-28:38
MERGED from [com.android.support:support-core-utils:26.1.0] AndroidManifest.xml:26:9-28:38
MERGED from [com.android.support:support-core-utils:26.1.0] AndroidManifest.xml:26:9-28:38
MERGED from [com.android.support:support-core-ui:26.1.0] AndroidManifest.xml:26:9-28:38
MERGED from [com.android.support:support-core-ui:26.1.0] AndroidManifest.xml:26:9-28:38
MERGED from [com.android.support:support-compat:26.1.0] AndroidManifest.xml:26:9-28:38
MERGED from [com.android.support:support-compat:26.1.0] AndroidManifest.xml:26:9-28:38
	android:value
		ADDED from [com.android.support:appcompat-v7:26.1.0] AndroidManifest.xml:28:13-35
	android:name
		ADDED from [com.android.support:appcompat-v7:26.1.0] AndroidManifest.xml:27:13-51
meta-data#android.arch.lifecycle.VERSION
ADDED from [android.arch.lifecycle:runtime:1.0.0] AndroidManifest.xml:25:9-27:47
	android:value
		ADDED from [android.arch.lifecycle:runtime:1.0.0] AndroidManifest.xml:27:13-44
	android:name
		ADDED from [android.arch.lifecycle:runtime:1.0.0] AndroidManifest.xml:26:13-58